<?xml version="1.0" encoding="UTF-8"?>
<testng-results ignored="0" total="1" passed="1" failed="0" skipped="0">
  <reporter-output>
  </reporter-output>
  <suite started-at="2020-12-22T21:40:42 WAT" name="Default suite" finished-at="2020-12-22T21:41:26 WAT" duration-ms="44038">
    <groups>
    </groups>
    <test started-at="2020-12-22T21:40:42 WAT" name="Default test" finished-at="2020-12-22T21:41:26 WAT" duration-ms="44038">
      <class name="wealthng.investmentFixedIncome">
        <test-method signature="validateInvestmentFixedIncome()[pri:0, instance:wealthng.investmentFixedIncome@1329eff]" started-at="2020-12-22T21:40:42 WAT" name="validateInvestmentFixedIncome" finished-at="2020-12-22T21:41:26 WAT" duration-ms="43936" status="PASS">
          <reporter-output>
          </reporter-output>
        </test-method> <!-- validateInvestmentFixedIncome -->
      </class> <!-- wealthng.investmentFixedIncome -->
    </test> <!-- Default test -->
  </suite> <!-- Default suite -->
</testng-results>
