<?xml version="1.0" encoding="UTF-8"?>
<!-- Generated by org.testng.reporters.JUnitXMLReporter -->
<testsuite ignored="0" hostname="eHA-NG-SOFT-KAINE" failures="1" tests="8" name="Test" time="314.939" errors="0" timestamp="2020-12-26T17:51:00 WAT">
  <testcase classname="wealthng.bvn" name="validateBVN" time="32.528"/>
  <testcase classname="wealthng.testpayment" name="validateAccountFunding" time="76.767"/>
  <testcase classname="wealthng.liquidateInvestment" name="validateLiquidateInvestment" time="40.86">
    <failure type="org.openqa.selenium.ElementClickInterceptedException" message="element click intercepted: Element &amp;lt;a href=&amp;quot;javascript:&amp;quot; class=&amp;quot;btn btn-red&amp;quot; onclick=&amp;quot;liquidationWarning(&amp;apos;Wealth Cash&amp;apos;, &amp;apos;WEALTHNG-20201226-792433961887174656-1487&amp;apos;);&amp;quot;&amp;gt;...&amp;lt;/a&amp;gt; is not clickable at point (1180, 13). Other element would receive the click: &amp;lt;header class=&amp;quot;header header-main-panel&amp;quot; style=&amp;quot;width: 1440px; position: fixed; top: 0px; left: 0px;&amp;quot;&amp;gt;...&amp;lt;/header&amp;gt;
  (Session info: chrome=87.0.4280.88)
Build info: version: &amp;apos;3.141.5&amp;apos;, revision: &amp;apos;d54ebd709a&amp;apos;, time: &amp;apos;2018-11-06T11:42:16&amp;apos;
System info: host: &amp;apos;eHA-NG-SOFT-KAINE&amp;apos;, ip: &amp;apos;fe80:0:0:0:4a7:9217:4d33:b648%en0&amp;apos;, os.name: &amp;apos;Mac OS X&amp;apos;, os.arch: &amp;apos;x86_64&amp;apos;, os.version: &amp;apos;10.15.2&amp;apos;, java.version: &amp;apos;14.0.2&amp;apos;
Driver info: org.openqa.selenium.chrome.ChromeDriver
Capabilities {acceptInsecureCerts: false, browserName: chrome, browserVersion: 87.0.4280.88, chrome: {chromedriverVersion: 86.0.4240.22 (398b0743353ff..., userDataDir: /var/folders/jw/brnl9wt94n7...}, goog:chromeOptions: {debuggerAddress: localhost:57173}, javascriptEnabled: true, networkConnectionEnabled: false, pageLoadStrategy: normal, platform: MAC, platformName: MAC, proxy: Proxy(), setWindowRect: true, strictFileInteractability: false, timeouts: {implicit: 0, pageLoad: 300000, script: 30000}, unhandledPromptBehavior: dismiss and notify, webauthn:virtualAuthenticators: true}
Session ID: c6cee149c6349e9264fe955e12595322">
      <![CDATA[org.openqa.selenium.ElementClickInterceptedException: element click intercepted: Element <a href="javascript:" class="btn btn-red" onclick="liquidationWarning('Wealth Cash', 'WEALTHNG-20201226-792433961887174656-1487');">...</a> is not clickable at point (1180, 13). Other element would receive the click: <header class="header header-main-panel" style="width: 1440px; position: fixed; top: 0px; left: 0px;">...</header>
  (Session info: chrome=87.0.4280.88)
Build info: version: '3.141.5', revision: 'd54ebd709a', time: '2018-11-06T11:42:16'
System info: host: 'eHA-NG-SOFT-KAINE', ip: 'fe80:0:0:0:4a7:9217:4d33:b648%en0', os.name: 'Mac OS X', os.arch: 'x86_64', os.version: '10.15.2', java.version: '14.0.2'
Driver info: org.openqa.selenium.chrome.ChromeDriver
Capabilities {acceptInsecureCerts: false, browserName: chrome, browserVersion: 87.0.4280.88, chrome: {chromedriverVersion: 86.0.4240.22 (398b0743353ff..., userDataDir: /var/folders/jw/brnl9wt94n7...}, goog:chromeOptions: {debuggerAddress: localhost:57173}, javascriptEnabled: true, networkConnectionEnabled: false, pageLoadStrategy: normal, platform: MAC, platformName: MAC, proxy: Proxy(), setWindowRect: true, strictFileInteractability: false, timeouts: {implicit: 0, pageLoad: 300000, script: 30000}, unhandledPromptBehavior: dismiss and notify, webauthn:virtualAuthenticators: true}
Session ID: c6cee149c6349e9264fe955e12595322
at org.openqa.selenium.remote.http.W3CHttpResponseCodec.createException(W3CHttpResponseCodec.java:187)
at org.openqa.selenium.remote.http.W3CHttpResponseCodec.decode(W3CHttpResponseCodec.java:122)
at org.openqa.selenium.remote.http.W3CHttpResponseCodec.decode(W3CHttpResponseCodec.java:49)
at org.openqa.selenium.remote.HttpCommandExecutor.execute(HttpCommandExecutor.java:158)
at org.openqa.selenium.remote.service.DriverCommandExecutor.execute(DriverCommandExecutor.java:83)
at org.openqa.selenium.remote.RemoteWebDriver.execute(RemoteWebDriver.java:552)
at org.openqa.selenium.remote.RemoteWebElement.execute(RemoteWebElement.java:285)
at org.openqa.selenium.remote.RemoteWebElement.click(RemoteWebElement.java:84)
at wealthng.liquidateInvestment.validateLiquidateInvestment(liquidateInvestment.java:49)
at java.base/java.util.ArrayList.forEach(ArrayList.java:1511)
... Removed 32 stack frames]]>
    </failure>
  </testcase> <!-- validateLiquidateInvestment -->
  <testcase classname="wealthng.withdrawal" name="validateWithdrawal" time="29.759"/>
  <testcase classname="wealthng.investmentFixedIncome" name="validateInvestmentFixedIncome" time="40.357"/>
  <testcase classname="wealthng.investmentRealestate" name="validateInvestmentRealestate" time="20.55"/>
  <testcase classname="wealthng.login" name="validateLogin" time="30.509"/>
  <testcase classname="wealthng.investmentAgriculture" name="validateInvestmentAgriculture" time="43.008"/>
</testsuite> <!-- Test -->
